{
  "RSpec": {
    "coverage": {
      "/Users/barry/dev/ruby/coder-night/2013-06-blue-hawaii/rates.rb": [
        null,
        1,
        1,
        null,
        1,
        null,
        1,
        1,
        50,
        null,
        null,
        null,
        1,
        1,
        1,
        null,
        1,
        35,
        null,
        null,
        1,
        60,
        null,
        null,
        1,
        30,
        30,
        30,
        30,
        null,
        null,
        null,
        1,
        1,
        null,
        1,
        19,
        19,
        19,
        null,
        null,
        1,
        19,
        19,
        null,
        19,
        14,
        28,
        null,
        null,
        5,
        5,
        5,
        null,
        null,
        null,
        1,
        109,
        129,
        26,
        null,
        103,
        103,
        103,
        null,
        null,
        null,
        109,
        null,
        null,
        1,
        8,
        106,
        106,
        null,
        null,
        8,
        null,
        null,
        1,
        9,
        null,
        null,
        null,
        1,
        1,
        null,
        1,
        4,
        4,
        null,
        null,
        1,
        16,
        null,
        null,
        1,
        2,
        null,
        2,
        6,
        2,
        6,
        6,
        null,
        null,
        null,
        1,
        6,
        6,
        null,
        null,
        1,
        1,
        3,
        null,
        null,
        null,
        null,
        1,
        0,
        0,
        0,
        0,
        0,
        null,
        1,
        null,
        null
      ]
    },
    "timestamp": 1371755837
  }
}
